2012-06-25 17:30:07 Error: [MissingControllerException] Controller class Index.phpController could not be found.
#0 C:\UniServer\www\app\webroot\index.php(92): Dispatcher->dispatch(Object(CakeRequest), Object(CakeResponse))
#1 {main}
2012-06-25 19:15:23 Error: [MissingControllerException] Controller class Index.phpController could not be found.
#0 C:\Dropbox\JARVIS\I'm Hungry\app\webroot\index.php(92): Dispatcher->dispatch(Object(CakeRequest), Object(CakeResponse))
#1 {main}
2012-06-25 20:29:50 Error: [MissingViewException] View file "C:\Dropbox\JARVIS\I'm Hungry\app\View\Food\index.ctp" is missing.
#0 C:\Dropbox\JARVIS\I'm Hungry\lib\Cake\View\View.php(472): View->_getViewFileName(NULL)
#1 C:\Dropbox\JARVIS\I'm Hungry\lib\Cake\Controller\Controller.php(955): View->render(NULL, NULL)
#2 C:\Dropbox\JARVIS\I'm Hungry\lib\Cake\Routing\Dispatcher.php(193): Controller->render()
#3 C:\Dropbox\JARVIS\I'm Hungry\lib\Cake\Routing\Dispatcher.php(161): Dispatcher->_invoke(Object(FoodController), Object(CakeRequest), Object(CakeResponse))
#4 C:\Dropbox\JARVIS\I'm Hungry\app\webroot\index.php(92): Dispatcher->dispatch(Object(CakeRequest), Object(CakeResponse))
#5 {main}
2012-06-25 20:47:20 Error: [MissingViewException] View file "C:\Dropbox\JARVIS\I'm Hungry\app\View\Food\index.ctp" is missing.
#0 C:\Dropbox\JARVIS\I'm Hungry\lib\Cake\View\View.php(472): View->_getViewFileName(NULL)
#1 C:\Dropbox\JARVIS\I'm Hungry\lib\Cake\Controller\Controller.php(955): View->render(NULL, NULL)
#2 C:\Dropbox\JARVIS\I'm Hungry\lib\Cake\Routing\Dispatcher.php(193): Controller->render()
#3 C:\Dropbox\JARVIS\I'm Hungry\lib\Cake\Routing\Dispatcher.php(161): Dispatcher->_invoke(Object(FoodController), Object(CakeRequest), Object(CakeResponse))
#4 C:\Dropbox\JARVIS\I'm Hungry\app\webroot\index.php(92): Dispatcher->dispatch(Object(CakeRequest), Object(CakeResponse))
#5 {main}
2012-06-25 20:57:46 Error: Fatal Error (1): Call to a member function link() on a non-object in [C:\Dropbox\JARVIS\I'm Hungry\app\View\Layouts\default.ctp, line 23]
2012-06-25 20:57:46 Error: [FatalErrorException] Call to a member function link() on a non-object
#0 C:\Dropbox\JARVIS\I'm Hungry\lib\Cake\Error\ErrorHandler.php(162): ErrorHandler::handleFatalError(1, 'Call to a membe...', 'C:\Dropbox\JARV...', 23)
#1 [internal function]: ErrorHandler::handleError(1, 'Call to a membe...', 'C:\Dropbox\JARV...', 23, Array)
#2 C:\Dropbox\JARVIS\I'm Hungry\lib\Cake\Core\App.php(926): call_user_func('ErrorHandler::h...', 1, 'Call to a membe...', 'C:\Dropbox\JARV...', 23, Array)
#3 C:\Dropbox\JARVIS\I'm Hungry\lib\Cake\Core\App.php(899): App::_checkFatalError()
#4 [internal function]: App::shutdown()
#5 {main}
2012-06-25 20:58:09 Error: Fatal Error (1): Call to a member function link() on a non-object in [C:\Dropbox\JARVIS\I'm Hungry\app\View\Layouts\default.ctp, line 23]
2012-06-25 20:58:09 Error: [FatalErrorException] Call to a member function link() on a non-object
#0 C:\Dropbox\JARVIS\I'm Hungry\lib\Cake\Error\ErrorHandler.php(162): ErrorHandler::handleFatalError(1, 'Call to a membe...', 'C:\Dropbox\JARV...', 23)
#1 [internal function]: ErrorHandler::handleError(1, 'Call to a membe...', 'C:\Dropbox\JARV...', 23, Array)
#2 C:\Dropbox\JARVIS\I'm Hungry\lib\Cake\Core\App.php(926): call_user_func('ErrorHandler::h...', 1, 'Call to a membe...', 'C:\Dropbox\JARV...', 23, Array)
#3 C:\Dropbox\JARVIS\I'm Hungry\lib\Cake\Core\App.php(899): App::_checkFatalError()
#4 [internal function]: App::shutdown()
#5 {main}
2012-06-25 20:58:10 Error: Fatal Error (1): Call to a member function link() on a non-object in [C:\Dropbox\JARVIS\I'm Hungry\app\View\Layouts\default.ctp, line 23]
2012-06-25 20:58:10 Error: [FatalErrorException] Call to a member function link() on a non-object
#0 C:\Dropbox\JARVIS\I'm Hungry\lib\Cake\Error\ErrorHandler.php(162): ErrorHandler::handleFatalError(1, 'Call to a membe...', 'C:\Dropbox\JARV...', 23)
#1 [internal function]: ErrorHandler::handleError(1, 'Call to a membe...', 'C:\Dropbox\JARV...', 23, Array)
#2 C:\Dropbox\JARVIS\I'm Hungry\lib\Cake\Core\App.php(926): call_user_func('ErrorHandler::h...', 1, 'Call to a membe...', 'C:\Dropbox\JARV...', 23, Array)
#3 C:\Dropbox\JARVIS\I'm Hungry\lib\Cake\Core\App.php(899): App::_checkFatalError()
#4 [internal function]: App::shutdown()
#5 {main}
2012-06-25 21:16:12 Error: Fatal Error (4): syntax error, unexpected '?>' in [C:\Dropbox\JARVIS\I'm Hungry\app\View\Layouts\default.ctp, line 26]
2012-06-25 21:16:12 Error: [FatalErrorException] syntax error, unexpected '?>'
#0 C:\Dropbox\JARVIS\I'm Hungry\lib\Cake\Error\ErrorHandler.php(162): ErrorHandler::handleFatalError(4, 'syntax error, u...', 'C:\Dropbox\JARV...', 26)
#1 [internal function]: ErrorHandler::handleError(4, 'syntax error, u...', 'C:\Dropbox\JARV...', 26, Array)
#2 C:\Dropbox\JARVIS\I'm Hungry\lib\Cake\Core\App.php(926): call_user_func('ErrorHandler::h...', 4, 'syntax error, u...', 'C:\Dropbox\JARV...', 26, Array)
#3 C:\Dropbox\JARVIS\I'm Hungry\lib\Cake\Core\App.php(899): App::_checkFatalError()
#4 [internal function]: App::shutdown()
#5 {main}
